<?xml version="1.0" encoding="UTF-8" ?>
<testsuite tests="18" failures="0" name="unitTests.CrudModelTest" time="1.526" errors="0" skipped="0">
  <properties>
    <property name="java.runtime.name" value="Java(TM) SE Runtime Environment"/>
    <property name="sun.boot.library.path" value="C:\Program Files\Java\jdk1.8.0_281\jre\bin"/>
    <property name="java.vm.version" value="25.281-b09"/>
    <property name="java.vm.vendor" value="Oracle Corporation"/>
    <property name="maven.multiModuleProjectDirectory" value="/c/Users/Jay&apos;s PC/Desktop/revature-training-files/aftermath_p1"/>
    <property name="java.vendor.url" value="http://java.oracle.com/"/>
    <property name="path.separator" value=";"/>
    <property name="guice.disable.misplaced.annotation.check" value="true"/>
    <property name="java.vm.name" value="Java HotSpot(TM) 64-Bit Server VM"/>
    <property name="file.encoding.pkg" value="sun.io"/>
    <property name="user.script" value=""/>
    <property name="user.country" value="US"/>
    <property name="sun.java.launcher" value="SUN_STANDARD"/>
    <property name="sun.os.patch.level" value=""/>
    <property name="java.vm.specification.name" value="Java Virtual Machine Specification"/>
    <property name="user.dir" value="C:\Users\Jay&apos;s PC\Desktop\revature-training-files\aftermath_p1"/>
    <property name="java.runtime.version" value="1.8.0_281-b09"/>
    <property name="java.awt.graphicsenv" value="sun.awt.Win32GraphicsEnvironment"/>
    <property name="java.endorsed.dirs" value="C:\Program Files\Java\jdk1.8.0_281\jre\lib\endorsed"/>
    <property name="os.arch" value="amd64"/>
    <property name="java.io.tmpdir" value="C:\Users\JAY&apos;SP~1\AppData\Local\Temp\"/>
    <property name="line.separator" value="
"/>
    <property name="java.vm.specification.vendor" value="Oracle Corporation"/>
    <property name="user.variant" value=""/>
    <property name="os.name" value="Windows 10"/>
    <property name="classworlds.conf" value="C:/Program Files/apache-maven-3.6.3/bin/m2.conf"/>
    <property name="sun.jnu.encoding" value="Cp1252"/>
    <property name="java.library.path" value="C:\Program Files\Java\jdk1.8.0_281\bin;C:\WINDOWS\Sun\Java\bin;C:\WINDOWS\system32;C:\WINDOWS;C:\Program Files\Git\mingw64\bin;C:\Program Files\Git\usr\bin;C:\Users\Jay&apos;s PC\bin;C:\Program Files (x86)\Common Files\Oracle\Java\javapath;C:\Program Files (x86)\Intel\iCLS Client;C:\Program Files\Intel\iCLS Client;C:\Windows\system32;C:\Windows;C:\Windows\System32\Wbem;C:\Windows\System32\WindowsPowerShell\v1.0;C:\Program Files (x86)\NVIDIA Corporation\PhysX\Common;C:\Program Files (x86)\Intel\Intel(R) Management Engine Components\DAL;C:\Program Files\Intel\Intel(R) Management Engine Components\DAL;C:\Program Files (x86)\Intel\Intel(R) Management Engine Components\IPT;C:\Program Files\Intel\Intel(R) Management Engine Components\IPT;C:\WINDOWS\system32;C:\WINDOWS;C:\WINDOWS\System32\Wbem;C:\WINDOWS\System32\WindowsPowerShell\v1.0;C:\Program Files\Intel\WiFi\bin;C:\Program Files\Common Files\Intel\WirelessCommon;C:\WINDOWS\System32\OpenSSH;C:\Program Files\Git\cmd;C:\Program Files (x86)\Yarn\bin;C:\AndroidSdk\platform-tools;C:\Program Files\MongoDB\Server\4.2\bin;C:\Program Files\nodejs;C:\Program Files\PostgreSQL\12\bin;C:\Program Files\PostgreSQL\12\pgAdmin 4\bin;C:\Program Files\Java\jdk1.8.0_281\bin;C:\Program Files\apache-maven-3.6.3\bin;C:\apache-tomcat-9.0.43\bin;C:\Users\Jay&apos;s PC\.cargo\bin;C:\Users\Jay&apos;s PC\AppData\Local\Microsoft\WindowsApps;C:\Users\Jay&apos;s PC\AppData\Local\Programs\Microsoft VS Code\bin;C:\Users\Jay&apos;s PC\AppData\Local\Yarn\bin;C:\Program Files\heroku\bin;C:\Users\Jay&apos;s PC\AppData\Roaming\npm;."/>
    <property name="maven.conf" value="C:/Program Files/apache-maven-3.6.3/conf"/>
    <property name="java.specification.name" value="Java Platform API Specification"/>
    <property name="java.class.version" value="52.0"/>
    <property name="sun.management.compiler" value="HotSpot 64-Bit Tiered Compilers"/>
    <property name="os.version" value="10.0"/>
    <property name="library.jansi.path" value="C:/Program Files/apache-maven-3.6.3/lib/jansi-native"/>
    <property name="user.home" value="C:\Users\Jay&apos;s PC"/>
    <property name="user.timezone" value="America/Chicago"/>
    <property name="java.awt.printerjob" value="sun.awt.windows.WPrinterJob"/>
    <property name="java.specification.version" value="1.8"/>
    <property name="file.encoding" value="Cp1252"/>
    <property name="user.name" value="Jay&apos;s PC"/>
    <property name="java.class.path" value="C:/Program Files/apache-maven-3.6.3/boot/plexus-classworlds-2.6.0.jar"/>
    <property name="java.vm.specification.version" value="1.8"/>
    <property name="sun.arch.data.model" value="64"/>
    <property name="java.home" value="C:\Program Files\Java\jdk1.8.0_281\jre"/>
    <property name="sun.java.command" value="org.codehaus.plexus.classworlds.launcher.Launcher install"/>
    <property name="java.specification.vendor" value="Oracle Corporation"/>
    <property name="user.language" value="en"/>
    <property name="awt.toolkit" value="sun.awt.windows.WToolkit"/>
    <property name="java.vm.info" value="mixed mode"/>
    <property name="java.version" value="1.8.0_281"/>
    <property name="java.ext.dirs" value="C:\Program Files\Java\jdk1.8.0_281\jre\lib\ext;C:\WINDOWS\Sun\Java\lib\ext"/>
    <property name="sun.boot.class.path" value="C:\Program Files\Java\jdk1.8.0_281\jre\lib\resources.jar;C:\Program Files\Java\jdk1.8.0_281\jre\lib\rt.jar;C:\Program Files\Java\jdk1.8.0_281\jre\lib\sunrsasign.jar;C:\Program Files\Java\jdk1.8.0_281\jre\lib\jsse.jar;C:\Program Files\Java\jdk1.8.0_281\jre\lib\jce.jar;C:\Program Files\Java\jdk1.8.0_281\jre\lib\charsets.jar;C:\Program Files\Java\jdk1.8.0_281\jre\lib\jfr.jar;C:\Program Files\Java\jdk1.8.0_281\jre\classes"/>
    <property name="sun.stderr.encoding" value="cp437"/>
    <property name="java.vendor" value="Oracle Corporation"/>
    <property name="maven.home" value="C:\Program Files\apache-maven-3.6.3"/>
    <property name="file.separator" value="\"/>
    <property name="java.vendor.url.bug" value="http://bugreport.sun.com/bugreport/"/>
    <property name="sun.cpu.endian" value="little"/>
    <property name="sun.io.unicode.encoding" value="UnicodeLittle"/>
    <property name="sun.stdout.encoding" value="cp437"/>
    <property name="sun.desktop" value="windows"/>
    <property name="sun.cpu.isalist" value="amd64"/>
  </properties>
  <testcase classname="unitTests.CrudModelTest" name="a_crudModelShouldBuiltAValidInsertStatement" time="0.545"/>
  <testcase classname="unitTests.CrudModelTest" name="b_crudModelShouldGrabAllFieldsInSelect" time="0.112"/>
  <testcase classname="unitTests.CrudModelTest" name="c_crudModelShouldBuiltAValidUpdateStatement" time="0.043"/>
  <testcase classname="unitTests.CrudModelTest" name="d_crudModelShouldThrowAnExceptionIfSetIsCalledTwice" time="0.019"/>
  <testcase classname="unitTests.CrudModelTest" name="e_crudModelShouldThrowAnExceptionIfSetIsntCalledOnChange" time="0.017"/>
  <testcase classname="unitTests.CrudModelTest" name="f_crudModelShouldThrowAnExceptionIfChangeHasNoArgs" time="0.013"/>
  <testcase classname="unitTests.CrudModelTest" name="g_callingAddMultipleTimesShouldResetThePreparedStatement" time="0.009"/>
  <testcase classname="unitTests.CrudModelTest" name="h_crudModelShouldThrowExceptionIfAddValuesIsntCalledAfterAdd" time="0.016"/>
  <testcase classname="unitTests.CrudModelTest" name="i_crudModelShouldBuiltAValidWhereClause" time="0.019"/>
  <testcase classname="unitTests.CrudModelTest" name="j_crudModelShouldThrowAnExceptionIfWhereIsCalledSequentially" time="0.013"/>
  <testcase classname="unitTests.CrudModelTest" name="k_crudModelShouldThrowAnExceptionIfWhereIsCalledOnInsert" time="0.013"/>
  <testcase classname="unitTests.CrudModelTest" name="l_crudModelShouldBuiltAValidDeleteStatement" time="0.02"/>
  <testcase classname="unitTests.CrudModelTest" name="m_crudModelShouldntPermanantlyChangeDatabaseBeforeCommitIsCalled" time="0.036"/>
  <testcase classname="unitTests.CrudModelTest" name="n_crudModelShouldPermanantlyChangeDatabaseAfterCommitIsCalled" time="0.106"/>
  <testcase classname="unitTests.CrudModelTest" name="o_crudModelShouldPersistNonAutoCommitStateAfterFirstCommit" time="0.141"/>
  <testcase classname="unitTests.CrudModelTest" name="p_crudModelShouldAutoCommitAfterTurnOnAutoCommitIsCalled" time="0.147"/>
  <testcase classname="unitTests.CrudModelTest" name="q_crudModelShouldUndoTransactionsAfterRollback" time="0.236"/>
  <testcase classname="unitTests.CrudModelTest" name="r_crudMethodShouldThrowAnExceptionIfAddIsGivenEmptyValue" time="0.021"/>
</testsuite>